<?xml version="1.0" encoding="UTF-8"?>
<!-- Generated by org.testng.reporters.JUnitXMLReporter -->
<testsuite ignored="0" hostname="DESKTOP-5V1JU1J" failures="2" tests="3" name="chrome" time="20.858" errors="0" timestamp="2025-07-30T22:27:56 EEST">
  <testcase classname="tests.LoginTest" name="login" time="0.677"/>
  <testcase classname="tests.LoginTest" name="login" time="0.468">
    <failure type="java.lang.AssertionError" message="expected [error] but found [Epic sadface: Username and password do not match any user in this service]">
      <![CDATA[java.lang.AssertionError: expected [error] but found [Epic sadface: Username and password do not match any user in this service]
at tests.LoginTest.login(LoginTest.java:32)
at java.base/java.util.ArrayList.forEach(ArrayList.java:1541)
at java.base/java.util.concurrent.FutureTask.run(FutureTask.java:264)
at java.base/java.util.concurrent.ThreadPoolExecutor.runWorker(ThreadPoolExecutor.java:1128)
at java.base/java.util.concurrent.ThreadPoolExecutor$Worker.run(ThreadPoolExecutor.java:628)
at java.base/java.lang.Thread.run(Thread.java:829)
... Removed 23 stack frames]]>
    </failure>
  </testcase> <!-- login -->
  <testcase classname="tests.LoginTest" name="login" time="0.396">
    <failure type="java.lang.AssertionError" message="expected [error] but found [Epic sadface: Username and password do not match any user in this service]">
      <![CDATA[java.lang.AssertionError: expected [error] but found [Epic sadface: Username and password do not match any user in this service]
at tests.LoginTest.login(LoginTest.java:32)
at java.base/java.util.ArrayList.forEach(ArrayList.java:1541)
at java.base/java.util.concurrent.FutureTask.run(FutureTask.java:264)
at java.base/java.util.concurrent.ThreadPoolExecutor.runWorker(ThreadPoolExecutor.java:1128)
at java.base/java.util.concurrent.ThreadPoolExecutor$Worker.run(ThreadPoolExecutor.java:628)
at java.base/java.lang.Thread.run(Thread.java:829)
... Removed 23 stack frames]]>
    </failure>
  </testcase> <!-- login -->
</testsuite> <!-- chrome -->
